make --dry-run --always-make --keep-going --print-directory
make: Entering directory '/home/ben/Documents/BuilderProjects/Flapwii'
[ -d build ] || mkdir -p build
make --no-print-directory -C build -f /home/ben/Documents/BuilderProjects/Flapwii/Makefile
echo bird.png
bin2s -a 32 -H `(echo bird.png | tr . _)`.h /home/ben/Documents/BuilderProjects/Flapwii/data/bird.png | powerpc-eabi-as -o bird.png.o
echo flappy.ttf
bin2s -a 32 -H `(echo flappy.ttf | tr . _)`.h /home/ben/Documents/BuilderProjects/Flapwii/data/flappy.ttf | powerpc-eabi-as -o flappy.ttf.o
echo font.ttf
bin2s -a 32 -H `(echo font.ttf | tr . _)`.h /home/ben/Documents/BuilderProjects/Flapwii/data/font.ttf | powerpc-eabi-as -o font.ttf.o
echo lose.ogg
bin2s -a 32 -H `(echo lose.ogg | tr . _)`.h /home/ben/Documents/BuilderProjects/Flapwii/data/lose.ogg | powerpc-eabi-as -o lose.ogg.o
echo pipe.png
bin2s -a 32 -H `(echo pipe.png | tr . _)`.h /home/ben/Documents/BuilderProjects/Flapwii/data/pipe.png | powerpc-eabi-as -o pipe.png.o
echo flapwii.cpp
powerpc-eabi-g++ -MMD -MP -MF /home/ben/Documents/BuilderProjects/Flapwii/build/flapwii.d -g -O2 -Wall -DGEKKO -mrvl -mcpu=750 -meabi -mhard-float  -I/home/ben/Documents/BuilderProjects/Flapwii//include -I/opt/devkitpro/portlibs/wii/include -I/opt/devkitpro/portlibs/ppc/include -I/home/ben/Documents/BuilderProjects/Flapwii/build -I/opt/devkitpro/libogc/include -c /home/ben/Documents/BuilderProjects/Flapwii/source/flapwii.cpp -o flapwii.o 
echo pipe.cpp
powerpc-eabi-g++ -MMD -MP -MF /home/ben/Documents/BuilderProjects/Flapwii/build/pipe.d -g -O2 -Wall -DGEKKO -mrvl -mcpu=750 -meabi -mhard-float  -I/home/ben/Documents/BuilderProjects/Flapwii//include -I/opt/devkitpro/portlibs/wii/include -I/opt/devkitpro/portlibs/ppc/include -I/home/ben/Documents/BuilderProjects/Flapwii/build -I/opt/devkitpro/libogc/include -c /home/ben/Documents/BuilderProjects/Flapwii/source/pipe.cpp -o pipe.o 
echo oggplayer.c
powerpc-eabi-gcc -MMD -MP -MF /home/ben/Documents/BuilderProjects/Flapwii/build/oggplayer.d -g -O2 -Wall -DGEKKO -mrvl -mcpu=750 -meabi -mhard-float  -I/home/ben/Documents/BuilderProjects/Flapwii//include -I/opt/devkitpro/portlibs/wii/include -I/opt/devkitpro/portlibs/ppc/include -I/home/ben/Documents/BuilderProjects/Flapwii/build -I/opt/devkitpro/libogc/include -c /home/ben/Documents/BuilderProjects/Flapwii/source/oggplayer.c -o oggplayer.o 
echo linking ... Flapwii.elf
powerpc-eabi-g++  bird.png.o flappy.ttf.o font.ttf.o lose.ogg.o pipe.png.o flapwii.o pipe.o oggplayer.o -g -DGEKKO -mrvl -mcpu=750 -meabi -mhard-float -Wl,-Map,Flapwii.elf.map -Wl,--section-start,.init=0x81000000 -L/opt/devkitpro/libogc/lib/wii -L/home/ben/Documents/BuilderProjects/Flapwii//lib -L/opt/devkitpro/portlibs/wii/lib -L/opt/devkitpro/portlibs/ppc/lib -lgrrlib -lfreetype -lbz2 -lpngu -lpng -ljpeg -lz -lfat -lwiiuse -lbte -lasnd -logc -lm -lvorbisidec -logg  -o /home/ben/Documents/BuilderProjects/Flapwii/Flapwii.elf
echo output ... Flapwii.dol
elf2dol /home/ben/Documents/BuilderProjects/Flapwii/Flapwii.elf /home/ben/Documents/BuilderProjects/Flapwii/Flapwii.dol
make: Leaving directory '/home/ben/Documents/BuilderProjects/Flapwii'
 
